Using pre-set license
Built from '2020.2/staging' branch; Version is '2020.2.3f1 (8ff31bc5bf5b) revision 9433883'; Using compiler version '192528614'; Build Type 'Release'
OS: 'Windows 10 Home; OS build 19042.985; Version 2009; 64bit' Language: 'en' Physical Memory: 16282 MB
BatchMode: 1, IsHumanControllingUs: 0, StartBugReporterOnCrash: 0, Is64bit: 1, IsPro: 0

 COMMAND LINE ARGUMENTS:
C:\Program Files\Unity\2020.2.3f1\Editor\Unity.exe
-adb2
-batchMode
-noUpm
-name
AssetImportWorker0
-projectPath
C:/Users/charl/Documents/GitHub Projects/Journeys-Untold-Demo/Journeys Untold Demo Project
-logFile
Logs/AssetImportWorker0.log
-srvPort
49644
Successfully changed project path to: C:/Users/charl/Documents/GitHub Projects/Journeys-Untold-Demo/Journeys Untold Demo Project
C:/Users/charl/Documents/GitHub Projects/Journeys-Untold-Demo/Journeys Untold Demo Project
Using Asset Import Pipeline V2.
Refreshing native plugins compatible for Editor in 35.01 ms, found 0 plugins.
Preloading 0 native plugins for Editor in 0.00 ms.
Initialize engine version: 2020.2.3f1 (8ff31bc5bf5b)
[Subsystems] Discovering subsystems at path C:/Program Files/Unity/2020.2.3f1/Editor/Data/Resources/UnitySubsystems
[Subsystems] Discovering subsystems at path C:/Users/charl/Documents/GitHub Projects/Journeys-Untold-Demo/Journeys Untold Demo Project/Assets
GfxDevice: creating device client; threaded=0
Direct3D:
    Version:  Direct3D 11.0 [level 11.1]
    Renderer: NVIDIA GeForce RTX 2060 (ID=0x1f11)
    Vendor:   
    VRAM:     5980 MB
    Driver:   27.21.14.6627
Initialize mono
Mono path[0] = 'C:/Program Files/Unity/2020.2.3f1/Editor/Data/Managed'
Mono path[1] = 'C:/Program Files/Unity/2020.2.3f1/Editor/Data/MonoBleedingEdge/lib/mono/unityjit'
Mono config path = 'C:/Program Files/Unity/2020.2.3f1/Editor/Data/MonoBleedingEdge/etc'
Using monoOptions --debugger-agent=transport=dt_socket,embedding=1,server=y,suspend=n,address=127.0.0.1:56840
Begin MonoManager ReloadAssembly
Registering precompiled unity dll's ...
Register platform support module: C:/Program Files/Unity/2020.2.3f1/Editor/Data/PlaybackEngines/MacStandaloneSupport/UnityEditor.OSXStandalone.Extensions.dll
Register platform support module: C:/Program Files/Unity/2020.2.3f1/Editor/Data/PlaybackEngines/WindowsStandaloneSupport/UnityEditor.WindowsStandalone.Extensions.dll
Register platform support module: C:/Program Files/Unity/2020.2.3f1/Editor/Data/PlaybackEngines/LinuxStandaloneSupport/UnityEditor.LinuxStandalone.Extensions.dll
Registered in 0.002446 seconds.
Native extension for LinuxStandalone target not found
Native extension for WindowsStandalone target not found
Native extension for OSXStandalone target not found
Refreshing native plugins compatible for Editor in 28.79 ms, found 0 plugins.
Preloading 0 native plugins for Editor in 0.00 ms.
Invoked RoslynAnalysisRunner static constructor.
RoslynAnalysisRunner will not be running.
RoslynAnalysisRunner has terminated.
Mono: successfully reloaded assembly
- Completed reload, in  2.170 seconds
Platform modules already initialized, skipping
Registering precompiled user dll's ...
Registered in 0.000659 seconds.
Begin MonoManager ReloadAssembly
Native extension for LinuxStandalone target not found
Native extension for WindowsStandalone target not found
Native extension for OSXStandalone target not found
Refreshing native plugins compatible for Editor in 0.26 ms, found 0 plugins.
Preloading 0 native plugins for Editor in 0.00 ms.
Invoked RoslynAnalysisRunner static constructor.
RoslynAnalysisRunner will not be running.
RoslynAnalysisRunner has terminated.
Mono: successfully reloaded assembly
- Completed reload, in  0.810 seconds
Platform modules already initialized, skipping
========================================================================
Worker process is ready to serve import requests
Launched and connected shader compiler UnityShaderCompiler.exe after 0.05 seconds
Refreshing native plugins compatible for Editor in 0.38 ms, found 0 plugins.
Preloading 0 native plugins for Editor in 0.00 ms.
Unloading 1146 Unused Serialized files (Serialized files now loaded: 0)
System memory in use before: 62.0 MB.
System memory in use after: 62.1 MB.

Unloading 10 unused Assets to reduce memory usage. Loaded Objects now: 1596.
Total: 2.275400 ms (FindLiveObjects: 0.161600 ms CreateObjectMapping: 0.064200 ms MarkObjects: 1.905900 ms  DeleteObjects: 0.142100 ms)

========================================================================
Received Import Request.
  path: Assets/Fighter Pack Bundle FREE/Berserker Fighter Mecanim Animation Pack FREE/Animations/Berserker@Idle.FBX
  artifactKey: Guid(cd6b8800735c1234fa390689961beb00) Importer(815301076,1909f56bfc062723c751e8b465ee728b)
Start importing Assets/Fighter Pack Bundle FREE/Berserker Fighter Mecanim Animation Pack FREE/Animations/Berserker@Idle.FBX using Guid(cd6b8800735c1234fa390689961beb00) Importer(815301076,1909f56bfc062723c751e8b465ee728b)  -> (artifact id: 'bce2bcb057bccab3d3166e6bc1cc296f') in 0.055346 seconds
  Import took 0.057546 seconds .

========================================================================
Received Import Request.
  Time since last request: 0.000409 seconds.
  path: Assets/Fighter Pack Bundle FREE/Berserker Fighter Mecanim Animation Pack FREE/Animations/Berserker@Punch.FBX
  artifactKey: Guid(32c188adf73f86148880cd1517bb3cb9) Importer(815301076,1909f56bfc062723c751e8b465ee728b)
Start importing Assets/Fighter Pack Bundle FREE/Berserker Fighter Mecanim Animation Pack FREE/Animations/Berserker@Punch.FBX using Guid(32c188adf73f86148880cd1517bb3cb9) Importer(815301076,1909f56bfc062723c751e8b465ee728b)  -> (artifact id: '7fa2fbf35bd90f335e5e04fea95310ce') in 0.009311 seconds
  Import took 0.011489 seconds .

========================================================================
Received Import Request.
  Time since last request: 6.811150 seconds.
  path: Assets/Fighter Pack Bundle FREE/Berserker Fighter Mecanim Animation Pack FREE/Animations/Berserker@WalkBackward.FBX
  artifactKey: Guid(23e3d559b1762c245982219913be8dbc) Importer(815301076,1909f56bfc062723c751e8b465ee728b)
Start importing Assets/Fighter Pack Bundle FREE/Berserker Fighter Mecanim Animation Pack FREE/Animations/Berserker@WalkBackward.FBX using Guid(23e3d559b1762c245982219913be8dbc) Importer(815301076,1909f56bfc062723c751e8b465ee728b)  -> (artifact id: 'ad39533b4edde19d19971f8542319356') in 0.010546 seconds
  Import took 0.012987 seconds .

========================================================================
Received Import Request.
  Time since last request: 1.836114 seconds.
  path: Assets/Fighter Pack Bundle FREE/Berserker Fighter Mecanim Animation Pack FREE/Animations/Berserker@WalkForward.FBX
  artifactKey: Guid(b1afb1a8906792749986c8e7514a1796) Importer(815301076,1909f56bfc062723c751e8b465ee728b)
Start importing Assets/Fighter Pack Bundle FREE/Berserker Fighter Mecanim Animation Pack FREE/Animations/Berserker@WalkForward.FBX using Guid(b1afb1a8906792749986c8e7514a1796) Importer(815301076,1909f56bfc062723c751e8b465ee728b)  -> (artifact id: '0a440fd0b03d009ecfb299b49162b551') in 0.009562 seconds
  Import took 0.012422 seconds .

========================================================================
Received Import Request.
  Time since last request: 13.774085 seconds.
  path: Assets/Fighter Pack Bundle FREE/Female Fighter Mecanim Animation Pack FREE/Animations
  artifactKey: Guid(58580b09fa23bb34085a5daf2fe8dc17) Importer(815301076,1909f56bfc062723c751e8b465ee728b)
Start importing Assets/Fighter Pack Bundle FREE/Female Fighter Mecanim Animation Pack FREE/Animations using Guid(58580b09fa23bb34085a5daf2fe8dc17) Importer(815301076,1909f56bfc062723c751e8b465ee728b)  -> (artifact id: '1c4d47538d56a0ff70e99690999e8580') in 0.006868 seconds
  Import took 0.008776 seconds .

========================================================================
Received Import Request.
  Time since last request: 0.004159 seconds.
  path: Assets/Fighter Pack Bundle FREE/Female Fighter Mecanim Animation Pack FREE/Animations
  artifactKey: Guid(58580b09fa23bb34085a5daf2fe8dc17) Importer(815301076,1909f56bfc062723c751e8b465ee728b)
Start importing Assets/Fighter Pack Bundle FREE/Female Fighter Mecanim Animation Pack FREE/Animations using Guid(58580b09fa23bb34085a5daf2fe8dc17) Importer(815301076,1909f56bfc062723c751e8b465ee728b)  -> (artifact id: '1c4d47538d56a0ff70e99690999e8580') in 0.002707 seconds
  Import took 0.004832 seconds .

========================================================================
Received Import Request.
  Time since last request: 1.369055 seconds.
  path: Assets/Fighter Pack Bundle FREE/Female Fighter Mecanim Animation Pack FREE/Animations/Female@Punch.FBX
  artifactKey: Guid(8de5c91b801a1ed4e8ba5d60ee3c51d8) Importer(815301076,1909f56bfc062723c751e8b465ee728b)
Start importing Assets/Fighter Pack Bundle FREE/Female Fighter Mecanim Animation Pack FREE/Animations/Female@Punch.FBX using Guid(8de5c91b801a1ed4e8ba5d60ee3c51d8) Importer(815301076,1909f56bfc062723c751e8b465ee728b)  -> (artifact id: '9788b28dcb2b5d8bff4d6d16f473a405') in 0.010941 seconds
  Import took 0.013511 seconds .

========================================================================
Received Import Request.
  Time since last request: 0.002327 seconds.
  path: Assets/Fighter Pack Bundle FREE/Female Fighter Mecanim Animation Pack FREE/Animations/Female@Punch.FBX
  artifactKey: Guid(8de5c91b801a1ed4e8ba5d60ee3c51d8) Importer(815301076,1909f56bfc062723c751e8b465ee728b)
Start importing Assets/Fighter Pack Bundle FREE/Female Fighter Mecanim Animation Pack FREE/Animations/Female@Punch.FBX using Guid(8de5c91b801a1ed4e8ba5d60ee3c51d8) Importer(815301076,1909f56bfc062723c751e8b465ee728b)  -> (artifact id: '9788b28dcb2b5d8bff4d6d16f473a405') in 0.006372 seconds
  Import took 0.008402 seconds .

========================================================================
Received Import Request.
  Time since last request: 18.752358 seconds.
  path: Assets/Fighter Pack Bundle FREE/Female Fighter Mecanim Animation Pack FREE/Animations/Female@Idle.FBX
  artifactKey: Guid(a1826ef951599d8428dc34467ca8754d) Importer(815301076,1909f56bfc062723c751e8b465ee728b)
Start importing Assets/Fighter Pack Bundle FREE/Female Fighter Mecanim Animation Pack FREE/Animations/Female@Idle.FBX using Guid(a1826ef951599d8428dc34467ca8754d) Importer(815301076,1909f56bfc062723c751e8b465ee728b)  -> (artifact id: 'cf380023900d3be4781af80f74019ef6') in 0.010406 seconds
  Import took 0.012915 seconds .

========================================================================
Received Import Request.
  Time since last request: 7.838202 seconds.
  path: Assets/Fighter Pack Bundle FREE/Heavy Fighter Mecanim Animation Pack FREE/Animations
  artifactKey: Guid(a81ea667581fdd942b7f82f98e91868d) Importer(815301076,1909f56bfc062723c751e8b465ee728b)
Start importing Assets/Fighter Pack Bundle FREE/Heavy Fighter Mecanim Animation Pack FREE/Animations using Guid(a81ea667581fdd942b7f82f98e91868d) Importer(815301076,1909f56bfc062723c751e8b465ee728b)  -> (artifact id: '7b9d235bc16f09cca9d49270552ee21b') in 0.003016 seconds
  Import took 0.005426 seconds .

========================================================================
Received Import Request.
  Time since last request: 1.750642 seconds.
  path: Assets/Fighter Pack Bundle FREE/Heavy Fighter Mecanim Animation Pack FREE/Animations/Heavy@Punch.FBX
  artifactKey: Guid(27a6a9f585a42884db1c7631777bc9bd) Importer(815301076,1909f56bfc062723c751e8b465ee728b)
Start importing Assets/Fighter Pack Bundle FREE/Heavy Fighter Mecanim Animation Pack FREE/Animations/Heavy@Punch.FBX using Guid(27a6a9f585a42884db1c7631777bc9bd) Importer(815301076,1909f56bfc062723c751e8b465ee728b)  -> (artifact id: 'c8c79cc9b83d7cee6d1beebdd32a9adb') in 0.009479 seconds
  Import took 0.011707 seconds .

========================================================================
Received Import Request.
  Time since last request: 0.001872 seconds.
  path: Assets/Fighter Pack Bundle FREE/Heavy Fighter Mecanim Animation Pack FREE/Animations/Heavy@Punch.FBX
  artifactKey: Guid(27a6a9f585a42884db1c7631777bc9bd) Importer(815301076,1909f56bfc062723c751e8b465ee728b)
Start importing Assets/Fighter Pack Bundle FREE/Heavy Fighter Mecanim Animation Pack FREE/Animations/Heavy@Punch.FBX using Guid(27a6a9f585a42884db1c7631777bc9bd) Importer(815301076,1909f56bfc062723c751e8b465ee728b)  -> (artifact id: 'c8c79cc9b83d7cee6d1beebdd32a9adb') in 0.007241 seconds
  Import took 0.009530 seconds .

========================================================================
Received Import Request.
  Time since last request: 30.546124 seconds.
  path: Assets/Fighter Pack Bundle FREE/Heavy Fighter Mecanim Animation Pack FREE/Animations/Heavy@Punch.FBX
  artifactKey: Guid(27a6a9f585a42884db1c7631777bc9bd) Importer(815301076,1909f56bfc062723c751e8b465ee728b)
Start importing Assets/Fighter Pack Bundle FREE/Heavy Fighter Mecanim Animation Pack FREE/Animations/Heavy@Punch.FBX using Guid(27a6a9f585a42884db1c7631777bc9bd) Importer(815301076,1909f56bfc062723c751e8b465ee728b)  -> (artifact id: 'b6192f5a055bd36a3c4d19a65351148e') in 0.005285 seconds
  Import took 0.007506 seconds .

========================================================================
Received Import Request.
  Time since last request: 0.004461 seconds.
  path: Assets/Fighter Pack Bundle FREE/Heavy Fighter Mecanim Animation Pack FREE/Animations/Heavy@Punch.FBX
  artifactKey: Guid(27a6a9f585a42884db1c7631777bc9bd) Importer(815301076,1909f56bfc062723c751e8b465ee728b)
Start importing Assets/Fighter Pack Bundle FREE/Heavy Fighter Mecanim Animation Pack FREE/Animations/Heavy@Punch.FBX using Guid(27a6a9f585a42884db1c7631777bc9bd) Importer(815301076,1909f56bfc062723c751e8b465ee728b)  -> (artifact id: 'b6192f5a055bd36a3c4d19a65351148e') in 0.005241 seconds
  Import took 0.007648 seconds .

========================================================================
Received Import Request.
  Time since last request: 1.847424 seconds.
  path: Assets/Fighter Pack Bundle FREE/Male Fighter Mecanim Animation Pack FREE
  artifactKey: Guid(442e014d5ac500e40a564a8c05f78a99) Importer(815301076,1909f56bfc062723c751e8b465ee728b)
Start importing Assets/Fighter Pack Bundle FREE/Male Fighter Mecanim Animation Pack FREE using Guid(442e014d5ac500e40a564a8c05f78a99) Importer(815301076,1909f56bfc062723c751e8b465ee728b)  -> (artifact id: '6bb00e1bc997dda42343e326a60d6588') in 0.006641 seconds
  Import took 0.008713 seconds .

========================================================================
Received Import Request.
  Time since last request: 0.002274 seconds.
  path: Assets/Fighter Pack Bundle FREE/Male Fighter Mecanim Animation Pack FREE
  artifactKey: Guid(442e014d5ac500e40a564a8c05f78a99) Importer(815301076,1909f56bfc062723c751e8b465ee728b)
Start importing Assets/Fighter Pack Bundle FREE/Male Fighter Mecanim Animation Pack FREE using Guid(442e014d5ac500e40a564a8c05f78a99) Importer(815301076,1909f56bfc062723c751e8b465ee728b)  -> (artifact id: '6bb00e1bc997dda42343e326a60d6588') in 0.001565 seconds
  Import took 0.004220 seconds .

========================================================================
Received Import Request.
  Time since last request: 2.049417 seconds.
  path: Assets/Fighter Pack Bundle FREE/Male Fighter Mecanim Animation Pack FREE/Animations/Male@Punch.FBX
  artifactKey: Guid(635d947060dd41649bbcfe7bc1ebb900) Importer(815301076,1909f56bfc062723c751e8b465ee728b)
Start importing Assets/Fighter Pack Bundle FREE/Male Fighter Mecanim Animation Pack FREE/Animations/Male@Punch.FBX using Guid(635d947060dd41649bbcfe7bc1ebb900) Importer(815301076,1909f56bfc062723c751e8b465ee728b)  -> (artifact id: '258f7c2fae6b8ce86d3b6821b14499cc') in 0.009282 seconds
  Import took 0.011410 seconds .

========================================================================
Received Import Request.
  Time since last request: 0.001522 seconds.
  path: Assets/Fighter Pack Bundle FREE/Male Fighter Mecanim Animation Pack FREE/Animations/Male@Punch.FBX
  artifactKey: Guid(635d947060dd41649bbcfe7bc1ebb900) Importer(815301076,1909f56bfc062723c751e8b465ee728b)
Start importing Assets/Fighter Pack Bundle FREE/Male Fighter Mecanim Animation Pack FREE/Animations/Male@Punch.FBX using Guid(635d947060dd41649bbcfe7bc1ebb900) Importer(815301076,1909f56bfc062723c751e8b465ee728b)  -> (artifact id: '258f7c2fae6b8ce86d3b6821b14499cc') in 0.006668 seconds
  Import took 0.009486 seconds .

========================================================================
Received Import Request.
  Time since last request: 30.090039 seconds.
  path: Assets/Models and Animations/Fighter Pack Bundle FREE
  artifactKey: Guid(fa36a66ee006ebd48916526ec78e24e6) Importer(815301076,1909f56bfc062723c751e8b465ee728b)
Start importing Assets/Models and Animations/Fighter Pack Bundle FREE using Guid(fa36a66ee006ebd48916526ec78e24e6) Importer(815301076,1909f56bfc062723c751e8b465ee728b)  -> (artifact id: '43ce4eb3d1dcb12ab9acc7ce75777670') in 0.006446 seconds
  Import took 0.008362 seconds .

========================================================================
Received Import Request.
  Time since last request: 1.063183 seconds.
  path: Assets/Models and Animations/Melee Warrior Animations Pack
  artifactKey: Guid(4ed93f52c1a9abd46a44bf3b86d6b024) Importer(815301076,1909f56bfc062723c751e8b465ee728b)
Start importing Assets/Models and Animations/Melee Warrior Animations Pack using Guid(4ed93f52c1a9abd46a44bf3b86d6b024) Importer(815301076,1909f56bfc062723c751e8b465ee728b)  -> (artifact id: '38f0c0ae34a3e215506c73e0e8a4fe13') in 0.007120 seconds
  Import took 0.009266 seconds .

========================================================================
Received Import Request.
  Time since last request: 0.002779 seconds.
  path: Assets/Models and Animations/Melee Warrior Animations Pack
  artifactKey: Guid(4ed93f52c1a9abd46a44bf3b86d6b024) Importer(815301076,1909f56bfc062723c751e8b465ee728b)
Start importing Assets/Models and Animations/Melee Warrior Animations Pack using Guid(4ed93f52c1a9abd46a44bf3b86d6b024) Importer(815301076,1909f56bfc062723c751e8b465ee728b)  -> (artifact id: '38f0c0ae34a3e215506c73e0e8a4fe13') in 0.002055 seconds
  Import took 0.004287 seconds .

========================================================================
Received Import Request.
  Time since last request: 1.213668 seconds.
  path: Assets/Models and Animations/Melee Warrior Animations Pack/Animations
  artifactKey: Guid(f0c21875b15af264db996644ed07d053) Importer(815301076,1909f56bfc062723c751e8b465ee728b)
Start importing Assets/Models and Animations/Melee Warrior Animations Pack/Animations using Guid(f0c21875b15af264db996644ed07d053) Importer(815301076,1909f56bfc062723c751e8b465ee728b)  -> (artifact id: '68915aa1280fa0405c02d21cc6771c34') in 0.001962 seconds
  Import took 0.004592 seconds .

========================================================================
Received Import Request.
  Time since last request: 1.046576 seconds.
  path: Assets/Models and Animations/Melee Warrior Animations Pack/Animations/ShieldWarrior@Attack01.fbx
  artifactKey: Guid(9b773834d592b8c46b8aa1451bc5f2c6) Importer(815301076,1909f56bfc062723c751e8b465ee728b)
Start importing Assets/Models and Animations/Melee Warrior Animations Pack/Animations/ShieldWarrior@Attack01.fbx using Guid(9b773834d592b8c46b8aa1451bc5f2c6) Importer(815301076,1909f56bfc062723c751e8b465ee728b)  -> (artifact id: '664aa2534f7a8044c986cd97d99714a8') in 0.011203 seconds
  Import took 0.013481 seconds .

========================================================================
Received Import Request.
  Time since last request: 2.947151 seconds.
  path: Assets/Models and Animations/Melee Warrior Animations Pack/Animations/ShieldWarrior@Attack02.fbx
  artifactKey: Guid(17ef2fa56af975c42b90ebd3648d3324) Importer(815301076,1909f56bfc062723c751e8b465ee728b)
Start importing Assets/Models and Animations/Melee Warrior Animations Pack/Animations/ShieldWarrior@Attack02.fbx using Guid(17ef2fa56af975c42b90ebd3648d3324) Importer(815301076,1909f56bfc062723c751e8b465ee728b)  -> (artifact id: '68a650788bd71be9fbd88959c92febf5') in 0.010320 seconds
  Import took 0.012843 seconds .

========================================================================
Received Import Request.
  Time since last request: 5.846163 seconds.
  path: Assets/Models and Animations/Melee Warrior Animations Pack/Animations/ShieldWarrior@Damage02.fbx
  artifactKey: Guid(426ec4865a057604bb50cd8beeeaef92) Importer(815301076,1909f56bfc062723c751e8b465ee728b)
Start importing Assets/Models and Animations/Melee Warrior Animations Pack/Animations/ShieldWarrior@Damage02.fbx using Guid(426ec4865a057604bb50cd8beeeaef92) Importer(815301076,1909f56bfc062723c751e8b465ee728b)  -> (artifact id: '7714b22976c7217bfe2a9c15023d0ef6') in 0.009593 seconds
  Import took 0.012308 seconds .

========================================================================
Received Import Request.
  Time since last request: 29.413611 seconds.
  path: Assets/Models and Animations/Mixamo/Magic Pack/Animations
  artifactKey: Guid(725ae208fb26ceb459d0712163e785d3) Importer(815301076,1909f56bfc062723c751e8b465ee728b)
Start importing Assets/Models and Animations/Mixamo/Magic Pack/Animations using Guid(725ae208fb26ceb459d0712163e785d3) Importer(815301076,1909f56bfc062723c751e8b465ee728b)  -> (artifact id: '0f5ef30ce4ea277fd5c2b15ebf56db00') in 0.002151 seconds
  Import took 0.004069 seconds .

========================================================================
Received Import Request.
  Time since last request: 1.156816 seconds.
  path: Assets/Models and Animations/Mixamo/Magic Pack/Animations/Crouch_Idle.anim
  artifactKey: Guid(6951ef8bd24ffad4bb7dd5e43ed43dc7) Importer(815301076,1909f56bfc062723c751e8b465ee728b)
Start importing Assets/Models and Animations/Mixamo/Magic Pack/Animations/Crouch_Idle.anim using Guid(6951ef8bd24ffad4bb7dd5e43ed43dc7) Importer(815301076,1909f56bfc062723c751e8b465ee728b)  -> (artifact id: 'ba39ebcdbaccf90878e881406035fca7') in 0.027850 seconds
  Import took 0.029911 seconds .

========================================================================
Received Import Request.
  Time since last request: 0.018243 seconds.
  path: Assets/Models and Animations/Mixamo/Magic Pack/Animations/Crouch_Idle.anim
  artifactKey: Guid(6951ef8bd24ffad4bb7dd5e43ed43dc7) Importer(815301076,1909f56bfc062723c751e8b465ee728b)
Start importing Assets/Models and Animations/Mixamo/Magic Pack/Animations/Crouch_Idle.anim using Guid(6951ef8bd24ffad4bb7dd5e43ed43dc7) Importer(815301076,1909f56bfc062723c751e8b465ee728b)  -> (artifact id: 'ba39ebcdbaccf90878e881406035fca7') in 0.020160 seconds
  Import took 0.022286 seconds .

========================================================================
Received Import Request.
  Time since last request: 4.179282 seconds.
  path: Assets/Models and Animations/Mixamo/Magic Pack/Animations/standing_1H_cast_spell_01.anim
  artifactKey: Guid(2f3bcbd8b31f7434ba2023a88997fa31) Importer(815301076,1909f56bfc062723c751e8b465ee728b)
Start importing Assets/Models and Animations/Mixamo/Magic Pack/Animations/standing_1H_cast_spell_01.anim using Guid(2f3bcbd8b31f7434ba2023a88997fa31) Importer(815301076,1909f56bfc062723c751e8b465ee728b)  -> (artifact id: '349f7750afe2fea16e4c9def2680786f') in 0.035744 seconds
  Import took 0.037835 seconds .

========================================================================
Received Import Request.
  Time since last request: 0.022742 seconds.
  path: Assets/Models and Animations/Mixamo/Magic Pack/Animations/standing_1H_cast_spell_01.anim
  artifactKey: Guid(2f3bcbd8b31f7434ba2023a88997fa31) Importer(815301076,1909f56bfc062723c751e8b465ee728b)
Start importing Assets/Models and Animations/Mixamo/Magic Pack/Animations/standing_1H_cast_spell_01.anim using Guid(2f3bcbd8b31f7434ba2023a88997fa31) Importer(815301076,1909f56bfc062723c751e8b465ee728b)  -> (artifact id: '349f7750afe2fea16e4c9def2680786f') in 0.031569 seconds
  Import took 0.034131 seconds .

========================================================================
Received Import Request.
  Time since last request: 3.662442 seconds.
  path: Assets/Models and Animations/Mixamo/Magic Pack/Animations/Standing_1H_Magic_Attack_02.anim
  artifactKey: Guid(6d1527962f07d2047a678ba77676ec73) Importer(815301076,1909f56bfc062723c751e8b465ee728b)
Start importing Assets/Models and Animations/Mixamo/Magic Pack/Animations/Standing_1H_Magic_Attack_02.anim using Guid(6d1527962f07d2047a678ba77676ec73) Importer(815301076,1909f56bfc062723c751e8b465ee728b)  -> (artifact id: '3fbfc4a81b1996e90d7b1f2bb7af260a') in 0.035323 seconds
  Import took 0.037345 seconds .

========================================================================
Received Import Request.
  Time since last request: 0.006417 seconds.
  path: Assets/Models and Animations/Mixamo/Magic Pack/Animations/Standing_1H_Magic_Attack_02.anim
  artifactKey: Guid(6d1527962f07d2047a678ba77676ec73) Importer(815301076,1909f56bfc062723c751e8b465ee728b)
Start importing Assets/Models and Animations/Mixamo/Magic Pack/Animations/Standing_1H_Magic_Attack_02.anim using Guid(6d1527962f07d2047a678ba77676ec73) Importer(815301076,1909f56bfc062723c751e8b465ee728b)  -> (artifact id: '3fbfc4a81b1996e90d7b1f2bb7af260a') in 0.030075 seconds
  Import took 0.032400 seconds .

========================================================================
Received Import Request.
  Time since last request: 2.827945 seconds.
  path: Assets/Models and Animations/Mixamo/Magic Pack/Animations/Standing_1H_Magic_Attack_03.anim
  artifactKey: Guid(e145105dfc2883847934754adedf28c2) Importer(815301076,1909f56bfc062723c751e8b465ee728b)
Start importing Assets/Models and Animations/Mixamo/Magic Pack/Animations/Standing_1H_Magic_Attack_03.anim using Guid(e145105dfc2883847934754adedf28c2) Importer(815301076,1909f56bfc062723c751e8b465ee728b)  -> (artifact id: 'cc9354bd1aff5258a7ca8c5af3893f46') in 0.036143 seconds
  Import took 0.046330 seconds .

========================================================================
Received Import Request.
  Time since last request: 8.349579 seconds.
  path: Assets/Models and Animations/MYFG-Weapon Pack Lite
  artifactKey: Guid(76e50cb7dba1dfc4bb1ea9883129e403) Importer(815301076,1909f56bfc062723c751e8b465ee728b)
Start importing Assets/Models and Animations/MYFG-Weapon Pack Lite using Guid(76e50cb7dba1dfc4bb1ea9883129e403) Importer(815301076,1909f56bfc062723c751e8b465ee728b)  -> (artifact id: '081666f93fbf194a408661eef49ae328') in 0.006894 seconds
  Import took 0.017324 seconds .

========================================================================
Received Import Request.
  Time since last request: 0.965088 seconds.
  path: Assets/Models and Animations/MYFG-Weapon Pack Lite/Materials
  artifactKey: Guid(1aa267970d4ea2a4fa82330a935203f8) Importer(815301076,1909f56bfc062723c751e8b465ee728b)
Start importing Assets/Models and Animations/MYFG-Weapon Pack Lite/Materials using Guid(1aa267970d4ea2a4fa82330a935203f8) Importer(815301076,1909f56bfc062723c751e8b465ee728b)  -> (artifact id: '84e5bce801b53c9cd974d6b556da3e6f') in 0.008335 seconds
  Import took 0.011109 seconds .

========================================================================
Received Import Request.
  Time since last request: 0.001379 seconds.
  path: Assets/Models and Animations/MYFG-Weapon Pack Lite/Materials
  artifactKey: Guid(1aa267970d4ea2a4fa82330a935203f8) Importer(815301076,1909f56bfc062723c751e8b465ee728b)
Start importing Assets/Models and Animations/MYFG-Weapon Pack Lite/Materials using Guid(1aa267970d4ea2a4fa82330a935203f8) Importer(815301076,1909f56bfc062723c751e8b465ee728b)  -> (artifact id: '84e5bce801b53c9cd974d6b556da3e6f') in 0.002134 seconds
  Import took 0.004078 seconds .

========================================================================
Received Import Request.
  Time since last request: 1.607018 seconds.
  path: Assets/Models and Animations/MYFG-Weapon Pack Lite/Perfabs/Axe
  artifactKey: Guid(b0c2f7a3b9067f845b1afcc948eda79c) Importer(815301076,1909f56bfc062723c751e8b465ee728b)
Start importing Assets/Models and Animations/MYFG-Weapon Pack Lite/Perfabs/Axe using Guid(b0c2f7a3b9067f845b1afcc948eda79c) Importer(815301076,1909f56bfc062723c751e8b465ee728b)  -> (artifact id: '968f4a5f7fa3e134ca9d62bbe2354ad9') in 0.007351 seconds
  Import took 0.009278 seconds .

========================================================================
Received Import Request.
  Time since last request: 0.002326 seconds.
  path: Assets/Models and Animations/MYFG-Weapon Pack Lite/Perfabs/Axe
  artifactKey: Guid(b0c2f7a3b9067f845b1afcc948eda79c) Importer(815301076,1909f56bfc062723c751e8b465ee728b)
Start importing Assets/Models and Animations/MYFG-Weapon Pack Lite/Perfabs/Axe using Guid(b0c2f7a3b9067f845b1afcc948eda79c) Importer(815301076,1909f56bfc062723c751e8b465ee728b)  -> (artifact id: '968f4a5f7fa3e134ca9d62bbe2354ad9') in 0.002446 seconds
  Import took 0.005589 seconds .

========================================================================
Received Import Request.
  Time since last request: 1.100845 seconds.
  path: Assets/Models and Animations/MYFG-Weapon Pack Lite/Perfabs/Axe/Axe01.prefab
  artifactKey: Guid(116349d69f9413a48adec302c4eef458) Importer(815301076,1909f56bfc062723c751e8b465ee728b)
Start importing Assets/Models and Animations/MYFG-Weapon Pack Lite/Perfabs/Axe/Axe01.prefab using Guid(116349d69f9413a48adec302c4eef458) Importer(815301076,1909f56bfc062723c751e8b465ee728b)  -> (artifact id: '9e926fd38e393810fe2f5dfd2c3c2db0') in 0.195416 seconds
  Import took 0.197398 seconds .

========================================================================
Received Import Request.
  Time since last request: 0.023822 seconds.
  path: Assets/Models and Animations/MYFG-Weapon Pack Lite/Perfabs/Axe/Axe01.prefab
  artifactKey: Guid(116349d69f9413a48adec302c4eef458) Importer(815301076,1909f56bfc062723c751e8b465ee728b)
Start importing Assets/Models and Animations/MYFG-Weapon Pack Lite/Perfabs/Axe/Axe01.prefab using Guid(116349d69f9413a48adec302c4eef458) Importer(815301076,1909f56bfc062723c751e8b465ee728b)  -> (artifact id: '9e926fd38e393810fe2f5dfd2c3c2db0') in 0.012491 seconds
  Import took 0.015488 seconds .

========================================================================
Received Import Request.
  Time since last request: 1.522316 seconds.
  path: Assets/Models and Animations/MYFG-Weapon Pack Lite/Perfabs/Axe/Axe07.prefab
  artifactKey: Guid(2ebba6250b6b58c4e85a80ef92ad9535) Importer(815301076,1909f56bfc062723c751e8b465ee728b)
Start importing Assets/Models and Animations/MYFG-Weapon Pack Lite/Perfabs/Axe/Axe07.prefab using Guid(2ebba6250b6b58c4e85a80ef92ad9535) Importer(815301076,1909f56bfc062723c751e8b465ee728b)  -> (artifact id: 'a577e52a7ff367bcddffdab188116a63') in 0.013372 seconds
  Import took 0.015917 seconds .

========================================================================
Received Import Request.
  Time since last request: 1.932547 seconds.
  path: Assets/Models and Animations/MYFG-Weapon Pack Lite/Perfabs/Axe/Axe04.prefab
  artifactKey: Guid(583ede368de31b54987d692b613e64d6) Importer(815301076,1909f56bfc062723c751e8b465ee728b)
Start importing Assets/Models and Animations/MYFG-Weapon Pack Lite/Perfabs/Axe/Axe04.prefab using Guid(583ede368de31b54987d692b613e64d6) Importer(815301076,1909f56bfc062723c751e8b465ee728b)  -> (artifact id: 'ba7c649c08898272b0f0f31f83ba8973') in 0.014038 seconds
  Import took 0.016139 seconds .

========================================================================
Received Import Request.
  Time since last request: 1.632914 seconds.
  path: Assets/Models and Animations/MYFG-Weapon Pack Lite/Perfabs/Axe/Axe09_a.prefab
  artifactKey: Guid(a7e6d077b3d36d04698d0d890cbd9c16) Importer(815301076,1909f56bfc062723c751e8b465ee728b)
Start importing Assets/Models and Animations/MYFG-Weapon Pack Lite/Perfabs/Axe/Axe09_a.prefab using Guid(a7e6d077b3d36d04698d0d890cbd9c16) Importer(815301076,1909f56bfc062723c751e8b465ee728b)  -> (artifact id: 'bfcae721b9d6322e226d779127fc1bb8') in 0.015777 seconds
  Import took 0.026890 seconds .

========================================================================
Received Import Request.
  Time since last request: 0.027653 seconds.
  path: Assets/Models and Animations/MYFG-Weapon Pack Lite/Perfabs/Axe/Axe09_a.prefab
  artifactKey: Guid(a7e6d077b3d36d04698d0d890cbd9c16) Importer(815301076,1909f56bfc062723c751e8b465ee728b)
Start importing Assets/Models and Animations/MYFG-Weapon Pack Lite/Perfabs/Axe/Axe09_a.prefab using Guid(a7e6d077b3d36d04698d0d890cbd9c16) Importer(815301076,1909f56bfc062723c751e8b465ee728b)  -> (artifact id: 'bfcae721b9d6322e226d779127fc1bb8') in 0.008906 seconds
  Import took 0.011204 seconds .

========================================================================
Received Import Request.
  Time since last request: 32.451085 seconds.
  path: Assets/Test Things/Test Items/Purple Weapon.asset
  artifactKey: Guid(05d9c331e73afa44cb211676bfd5be15) Importer(815301076,1909f56bfc062723c751e8b465ee728b)
Start importing Assets/Test Things/Test Items/Purple Weapon.asset using Guid(05d9c331e73afa44cb211676bfd5be15) Importer(815301076,1909f56bfc062723c751e8b465ee728b)  -> (artifact id: '3be5ac06d15fb562e8a2a8eb50b0d197') in 0.008955 seconds
  Import took 0.011228 seconds .

========================================================================
Received Import Request.
  Time since last request: 2.350531 seconds.
  path: Assets/Test Things/Test Items/Axe.asset
  artifactKey: Guid(05d9c331e73afa44cb211676bfd5be15) Importer(815301076,1909f56bfc062723c751e8b465ee728b)
Start importing Assets/Test Things/Test Items/Axe.asset using Guid(05d9c331e73afa44cb211676bfd5be15) Importer(815301076,1909f56bfc062723c751e8b465ee728b)  -> (artifact id: '0b6ee89b23fc9d30c07a727b461d7e83') in 0.002746 seconds
  Import took 0.004935 seconds .

========================================================================
Received Import Request.
  Time since last request: 21.908140 seconds.
  path: Assets/Models and Animations/Basic Handpainted RPG Weapons/Icons
  artifactKey: Guid(255aa0a976d7d0349a2696f861fae647) Importer(815301076,1909f56bfc062723c751e8b465ee728b)
Start importing Assets/Models and Animations/Basic Handpainted RPG Weapons/Icons using Guid(255aa0a976d7d0349a2696f861fae647) Importer(815301076,1909f56bfc062723c751e8b465ee728b)  -> (artifact id: '479d5e6ab9748868d6a686c61c0055c4') in 0.006448 seconds
  Import took 0.008506 seconds .

========================================================================
Received Import Request.
  Time since last request: 0.004977 seconds.
  path: Assets/Models and Animations/Basic Handpainted RPG Weapons/Icons
  artifactKey: Guid(255aa0a976d7d0349a2696f861fae647) Importer(815301076,1909f56bfc062723c751e8b465ee728b)
Start importing Assets/Models and Animations/Basic Handpainted RPG Weapons/Icons using Guid(255aa0a976d7d0349a2696f861fae647) Importer(815301076,1909f56bfc062723c751e8b465ee728b)  -> (artifact id: '479d5e6ab9748868d6a686c61c0055c4') in 0.002789 seconds
  Import took 0.004874 seconds .

========================================================================
Received Import Request.
  Time since last request: 1.102173 seconds.
  path: Assets/Models and Animations/Basic Handpainted RPG Weapons/Icons/64
  artifactKey: Guid(28d2697cce0eea14aa453cb395b85420) Importer(815301076,1909f56bfc062723c751e8b465ee728b)
Start importing Assets/Models and Animations/Basic Handpainted RPG Weapons/Icons/64 using Guid(28d2697cce0eea14aa453cb395b85420) Importer(815301076,1909f56bfc062723c751e8b465ee728b)  -> (artifact id: '54958983631520dfecd5d0b85da9ac75') in 0.006817 seconds
  Import took 0.008769 seconds .

========================================================================
Received Import Request.
  Time since last request: 0.003956 seconds.
  path: Assets/Models and Animations/Basic Handpainted RPG Weapons/Icons/64
  artifactKey: Guid(28d2697cce0eea14aa453cb395b85420) Importer(815301076,1909f56bfc062723c751e8b465ee728b)
Start importing Assets/Models and Animations/Basic Handpainted RPG Weapons/Icons/64 using Guid(28d2697cce0eea14aa453cb395b85420) Importer(815301076,1909f56bfc062723c751e8b465ee728b)  -> (artifact id: '54958983631520dfecd5d0b85da9ac75') in 0.002324 seconds
  Import took 0.004653 seconds .

========================================================================
Received Import Request.
  Time since last request: 1.028886 seconds.
  path: Assets/Models and Animations/Basic Handpainted RPG Weapons/Icons/64/icon_axe_01_2_orange_64.tga
  artifactKey: Guid(df9d76ee1dd184f42b942af68ad51bda) Importer(815301076,1909f56bfc062723c751e8b465ee728b)
Start importing Assets/Models and Animations/Basic Handpainted RPG Weapons/Icons/64/icon_axe_01_2_orange_64.tga using Guid(df9d76ee1dd184f42b942af68ad51bda) Importer(815301076,1909f56bfc062723c751e8b465ee728b)  -> (artifact id: '24b46c30dd8eaafd90fbb856419c6afc') in 0.016852 seconds
  Import took 0.019068 seconds .

========================================================================
Received Import Request.
  Time since last request: 0.009892 seconds.
  path: Assets/Models and Animations/Basic Handpainted RPG Weapons/Icons/64/icon_axe_01_2_orange_64.tga
  artifactKey: Guid(df9d76ee1dd184f42b942af68ad51bda) Importer(815301076,1909f56bfc062723c751e8b465ee728b)
Start importing Assets/Models and Animations/Basic Handpainted RPG Weapons/Icons/64/icon_axe_01_2_orange_64.tga using Guid(df9d76ee1dd184f42b942af68ad51bda) Importer(815301076,1909f56bfc062723c751e8b465ee728b)  -> (artifact id: '24b46c30dd8eaafd90fbb856419c6afc') in 0.006791 seconds
  Import took 0.008887 seconds .

========================================================================
Received Import Request.
  Time since last request: 3.319569 seconds.
  path: Assets/Models and Animations/Basic Handpainted RPG Weapons/Icons/64/icon_sword_01_orange_64.tga
  artifactKey: Guid(7deedaf1e2119b64fb1240c93143d51c) Importer(815301076,1909f56bfc062723c751e8b465ee728b)
Start importing Assets/Models and Animations/Basic Handpainted RPG Weapons/Icons/64/icon_sword_01_orange_64.tga using Guid(7deedaf1e2119b64fb1240c93143d51c) Importer(815301076,1909f56bfc062723c751e8b465ee728b)  -> (artifact id: '9159189b129808d5f428dd6f7d1a4c37') in 0.018976 seconds
  Import took 0.021183 seconds .

========================================================================
Received Import Request.
  Time since last request: 1.879819 seconds.
  path: Assets/Models and Animations/Basic Handpainted RPG Weapons/Icons/64/icon_axe_01_2_64.tga
  artifactKey: Guid(3d7280a002151a54594705a9ee922be5) Importer(815301076,1909f56bfc062723c751e8b465ee728b)
Start importing Assets/Models and Animations/Basic Handpainted RPG Weapons/Icons/64/icon_axe_01_2_64.tga using Guid(3d7280a002151a54594705a9ee922be5) Importer(815301076,1909f56bfc062723c751e8b465ee728b)  -> (artifact id: '8a286036a13ff41f1f8d9dc9e04e801e') in 0.010736 seconds
  Import took 0.012786 seconds .

========================================================================
Received Import Request.
  Time since last request: 4.419389 seconds.
  path: Assets/Models and Animations/Basic Handpainted RPG Weapons/Icons/64/icon_axe_01_2_64.tga
  artifactKey: Guid(3d7280a002151a54594705a9ee922be5) Importer(815301076,1909f56bfc062723c751e8b465ee728b)
Start importing Assets/Models and Animations/Basic Handpainted RPG Weapons/Icons/64/icon_axe_01_2_64.tga using Guid(3d7280a002151a54594705a9ee922be5) Importer(815301076,1909f56bfc062723c751e8b465ee728b)  -> (artifact id: '6d7c2af1066e538d7203297ccd034006') in 0.023267 seconds
  Import took 0.025333 seconds .

========================================================================
Received Import Request.
  Time since last request: 17.316667 seconds.
  path: Assets/Models and Animations/Basic Handpainted RPG Weapons/Icons/64/icon_axe_01_2_orange_64.tga
  artifactKey: Guid(df9d76ee1dd184f42b942af68ad51bda) Importer(815301076,1909f56bfc062723c751e8b465ee728b)
Start importing Assets/Models and Animations/Basic Handpainted RPG Weapons/Icons/64/icon_axe_01_2_orange_64.tga using Guid(df9d76ee1dd184f42b942af68ad51bda) Importer(815301076,1909f56bfc062723c751e8b465ee728b)  -> (artifact id: '9eb5a7740a14b64269f7db891c5ef4d4') in 0.014039 seconds
  Import took 0.016329 seconds .

========================================================================
Received Import Request.
  Time since last request: 0.000355 seconds.
  path: Assets/Models and Animations/Basic Handpainted RPG Weapons/Icons/64/icon_shield_01_4_64.tga
  artifactKey: Guid(ffaa806d54927e449a2efb09bd35e665) Importer(815301076,1909f56bfc062723c751e8b465ee728b)
Start importing Assets/Models and Animations/Basic Handpainted RPG Weapons/Icons/64/icon_shield_01_4_64.tga using Guid(ffaa806d54927e449a2efb09bd35e665) Importer(815301076,1909f56bfc062723c751e8b465ee728b)  -> (artifact id: 'bbb78ec8eede9fbc7f9432ee75d6ebc7') in 0.013439 seconds
  Import took 0.015639 seconds .

========================================================================
Received Import Request.
  Time since last request: 0.000292 seconds.
  path: Assets/Models and Animations/Basic Handpainted RPG Weapons/Icons/64/icon_axe_01_3_64.tga
  artifactKey: Guid(13b8691cff19cf043ad3bfbde267b039) Importer(815301076,1909f56bfc062723c751e8b465ee728b)
Start importing Assets/Models and Animations/Basic Handpainted RPG Weapons/Icons/64/icon_axe_01_3_64.tga using Guid(13b8691cff19cf043ad3bfbde267b039) Importer(815301076,1909f56bfc062723c751e8b465ee728b)  -> (artifact id: 'c90ccc31a1b6918a4a2180de3b130e11') in 0.013674 seconds
  Import took 0.015702 seconds .

========================================================================
Received Import Request.
  Time since last request: 0.000355 seconds.
  path: Assets/Models and Animations/Basic Handpainted RPG Weapons/Icons/64/icon_mace_01_2_64.tga
  artifactKey: Guid(e7ed25825cd2d95489e818a13973be8d) Importer(815301076,1909f56bfc062723c751e8b465ee728b)
Start importing Assets/Models and Animations/Basic Handpainted RPG Weapons/Icons/64/icon_mace_01_2_64.tga using Guid(e7ed25825cd2d95489e818a13973be8d) Importer(815301076,1909f56bfc062723c751e8b465ee728b)  -> (artifact id: 'b3e9808f251e7fbdcc0dd339c4982093') in 0.013398 seconds
  Import took 0.015850 seconds .

========================================================================
Received Import Request.
  Time since last request: 0.000300 seconds.
  path: Assets/Models and Animations/Basic Handpainted RPG Weapons/Icons/64/icon_sword_01_2_64.tga
  artifactKey: Guid(c9e2a3e74a8b2f84ab44b20a906d6c12) Importer(815301076,1909f56bfc062723c751e8b465ee728b)
Start importing Assets/Models and Animations/Basic Handpainted RPG Weapons/Icons/64/icon_sword_01_2_64.tga using Guid(c9e2a3e74a8b2f84ab44b20a906d6c12) Importer(815301076,1909f56bfc062723c751e8b465ee728b)  -> (artifact id: '578db5e22964015b30f9c1dafa04a4e0') in 0.011556 seconds
  Import took 0.013828 seconds .

========================================================================
Received Import Request.
  Time since last request: 0.000418 seconds.
  path: Assets/Models and Animations/Basic Handpainted RPG Weapons/Icons/64/icon_shield_01_orange_64.tga
  artifactKey: Guid(88db27bbd00d3e14f917cb2855ea8e8e) Importer(815301076,1909f56bfc062723c751e8b465ee728b)
Start importing Assets/Models and Animations/Basic Handpainted RPG Weapons/Icons/64/icon_shield_01_orange_64.tga using Guid(88db27bbd00d3e14f917cb2855ea8e8e) Importer(815301076,1909f56bfc062723c751e8b465ee728b)  -> (artifact id: '2feb46b8af65060bdb2b6f6fe3d7dabe') in 0.015474 seconds
  Import took 0.017811 seconds .

========================================================================
Received Import Request.
  Time since last request: 0.000302 seconds.
  path: Assets/Models and Animations/Basic Handpainted RPG Weapons/Icons/64/icon_shield_01_3_orange_64.tga
  artifactKey: Guid(397aed262a7a6c646be6e75e43b258a7) Importer(815301076,1909f56bfc062723c751e8b465ee728b)
Start importing Assets/Models and Animations/Basic Handpainted RPG Weapons/Icons/64/icon_shield_01_3_orange_64.tga using Guid(397aed262a7a6c646be6e75e43b258a7) Importer(815301076,1909f56bfc062723c751e8b465ee728b)  -> (artifact id: 'ef82233268d7fe644640558b31487619') in 0.012032 seconds
  Import took 0.014284 seconds .

========================================================================
Received Import Request.
  Time since last request: 0.000444 seconds.
  path: Assets/Models and Animations/Basic Handpainted RPG Weapons/Icons/64/icon_axe_01_64.tga
  artifactKey: Guid(e46afc94a5436864dbd5562a678430fe) Importer(815301076,1909f56bfc062723c751e8b465ee728b)
Start importing Assets/Models and Animations/Basic Handpainted RPG Weapons/Icons/64/icon_axe_01_64.tga using Guid(e46afc94a5436864dbd5562a678430fe) Importer(815301076,1909f56bfc062723c751e8b465ee728b)  -> (artifact id: '0d9cb614594e03c8e8086c10ffaabbed') in 0.013822 seconds
  Import took 0.015960 seconds .

========================================================================
Received Import Request.
  Time since last request: 0.000254 seconds.
  path: Assets/Models and Animations/Basic Handpainted RPG Weapons/Icons/64/icon_shield_01_3_64.tga
  artifactKey: Guid(3e30850314dbf6c4fb4dd1cc6c10884b) Importer(815301076,1909f56bfc062723c751e8b465ee728b)
Start importing Assets/Models and Animations/Basic Handpainted RPG Weapons/Icons/64/icon_shield_01_3_64.tga using Guid(3e30850314dbf6c4fb4dd1cc6c10884b) Importer(815301076,1909f56bfc062723c751e8b465ee728b)  -> (artifact id: 'b6b815cc86daf4e0c31315406cae494d') in 0.012596 seconds
  Import took 0.014591 seconds .

========================================================================
Received Import Request.
  Time since last request: 0.000283 seconds.
  path: Assets/Models and Animations/Basic Handpainted RPG Weapons/Icons/64/icon_shield_01_64.tga
  artifactKey: Guid(f9be996fe1e86144fbf865ffb7d7f436) Importer(815301076,1909f56bfc062723c751e8b465ee728b)
Start importing Assets/Models and Animations/Basic Handpainted RPG Weapons/Icons/64/icon_shield_01_64.tga using Guid(f9be996fe1e86144fbf865ffb7d7f436) Importer(815301076,1909f56bfc062723c751e8b465ee728b)  -> (artifact id: '0ed2d04a58f8a73c1b565f05a79eb1f4') in 0.013073 seconds
  Import took 0.015074 seconds .

========================================================================
Received Import Request.
  Time since last request: 0.000289 seconds.
  path: Assets/Models and Animations/Basic Handpainted RPG Weapons/Icons/64/icon_mace_01_orange_64.tga
  artifactKey: Guid(7aa6ca169533cf640bb4290c0188bcb8) Importer(815301076,1909f56bfc062723c751e8b465ee728b)
Start importing Assets/Models and Animations/Basic Handpainted RPG Weapons/Icons/64/icon_mace_01_orange_64.tga using Guid(7aa6ca169533cf640bb4290c0188bcb8) Importer(815301076,1909f56bfc062723c751e8b465ee728b)  -> (artifact id: 'ff09757576236eb3ba5eb3ac7f7ef51d') in 0.012859 seconds
  Import took 0.014928 seconds .

========================================================================
Received Import Request.
  Time since last request: 0.000281 seconds.
  path: Assets/Models and Animations/Basic Handpainted RPG Weapons/Icons/64/icon_axe_01_orange_64.tga
  artifactKey: Guid(9abc7c933ac3e014db85af56b530f387) Importer(815301076,1909f56bfc062723c751e8b465ee728b)
Start importing Assets/Models and Animations/Basic Handpainted RPG Weapons/Icons/64/icon_axe_01_orange_64.tga using Guid(9abc7c933ac3e014db85af56b530f387) Importer(815301076,1909f56bfc062723c751e8b465ee728b)  -> (artifact id: '6c00389878c6ab23f6ea67ac9b31ee26') in 0.011585 seconds
  Import took 0.013337 seconds .

========================================================================
Received Import Request.
  Time since last request: 0.000404 seconds.
  path: Assets/Models and Animations/Basic Handpainted RPG Weapons/Icons/64/icon_sword_01_3_orange_64.tga
  artifactKey: Guid(516aff2bc18e96a4f96c7ab932b7d984) Importer(815301076,1909f56bfc062723c751e8b465ee728b)
Start importing Assets/Models and Animations/Basic Handpainted RPG Weapons/Icons/64/icon_sword_01_3_orange_64.tga using Guid(516aff2bc18e96a4f96c7ab932b7d984) Importer(815301076,1909f56bfc062723c751e8b465ee728b)  -> (artifact id: '7fe871181518fb51fc386dc61b3b789f') in 0.013795 seconds
  Import took 0.015567 seconds .

========================================================================
Received Import Request.
  Time since last request: 0.000296 seconds.
  path: Assets/Models and Animations/Basic Handpainted RPG Weapons/Icons/64/icon_shield_01_2_orange_64.tga
  artifactKey: Guid(b7856ae26e2cbef478ed91aaa5b1330c) Importer(815301076,1909f56bfc062723c751e8b465ee728b)
Start importing Assets/Models and Animations/Basic Handpainted RPG Weapons/Icons/64/icon_shield_01_2_orange_64.tga using Guid(b7856ae26e2cbef478ed91aaa5b1330c) Importer(815301076,1909f56bfc062723c751e8b465ee728b)  -> (artifact id: '5882ff471df44cb5fa93807f7f81a66c') in 0.013233 seconds
  Import took 0.014995 seconds .

========================================================================
Received Import Request.
  Time since last request: 0.000284 seconds.
  path: Assets/Models and Animations/Basic Handpainted RPG Weapons/Icons/64/icon_axe_01_3_orange_64.tga
  artifactKey: Guid(23657ac6a280ce346948a0f9de85812e) Importer(815301076,1909f56bfc062723c751e8b465ee728b)
Start importing Assets/Models and Animations/Basic Handpainted RPG Weapons/Icons/64/icon_axe_01_3_orange_64.tga using Guid(23657ac6a280ce346948a0f9de85812e) Importer(815301076,1909f56bfc062723c751e8b465ee728b)  -> (artifact id: '46ae662d3ef97c98d03c191ea7433c43') in 0.014579 seconds
  Import took 0.016540 seconds .

========================================================================
Received Import Request.
  Time since last request: 0.000318 seconds.
  path: Assets/Models and Animations/Basic Handpainted RPG Weapons/Icons/64/icon_shield_01_2_64.tga
  artifactKey: Guid(5bedb712dca58a749959d209838aeccc) Importer(815301076,1909f56bfc062723c751e8b465ee728b)
Start importing Assets/Models and Animations/Basic Handpainted RPG Weapons/Icons/64/icon_shield_01_2_64.tga using Guid(5bedb712dca58a749959d209838aeccc) Importer(815301076,1909f56bfc062723c751e8b465ee728b)  -> (artifact id: 'c786c58b7c5d1a353b8fe07b57da3700') in 0.014506 seconds
  Import took 0.016346 seconds .

========================================================================
Received Import Request.
  Time since last request: 0.000295 seconds.
  path: Assets/Models and Animations/Basic Handpainted RPG Weapons/Icons/64/icon_sword_01_2_orange_64.tga
  artifactKey: Guid(c1fdbfc8f80da77479f14e64fbd15bc0) Importer(815301076,1909f56bfc062723c751e8b465ee728b)
Start importing Assets/Models and Animations/Basic Handpainted RPG Weapons/Icons/64/icon_sword_01_2_orange_64.tga using Guid(c1fdbfc8f80da77479f14e64fbd15bc0) Importer(815301076,1909f56bfc062723c751e8b465ee728b)  -> (artifact id: '0374a9a0509e7058c89011e435743e42') in 0.014076 seconds
  Import took 0.016128 seconds .

========================================================================
Received Import Request.
  Time since last request: 0.000295 seconds.
  path: Assets/Models and Animations/Basic Handpainted RPG Weapons/Icons/64/icon_mace_01_64.tga
  artifactKey: Guid(1f98f2f5246eb9b4aadaf15b99b6def3) Importer(815301076,1909f56bfc062723c751e8b465ee728b)
Start importing Assets/Models and Animations/Basic Handpainted RPG Weapons/Icons/64/icon_mace_01_64.tga using Guid(1f98f2f5246eb9b4aadaf15b99b6def3) Importer(815301076,1909f56bfc062723c751e8b465ee728b)  -> (artifact id: 'd70672afb8a18e7c176d8ac829a5c767') in 0.013923 seconds
  Import took 0.016258 seconds .

========================================================================
Received Import Request.
  Time since last request: 0.000285 seconds.
  path: Assets/Models and Animations/Basic Handpainted RPG Weapons/Icons/64/icon_sword_01_64.tga
  artifactKey: Guid(59cc6a3a0182dcd499f3610f3db7e895) Importer(815301076,1909f56bfc062723c751e8b465ee728b)
Start importing Assets/Models and Animations/Basic Handpainted RPG Weapons/Icons/64/icon_sword_01_64.tga using Guid(59cc6a3a0182dcd499f3610f3db7e895) Importer(815301076,1909f56bfc062723c751e8b465ee728b)  -> (artifact id: '02f18ed603a2e0d303b63fcf8af1f834') in 0.016619 seconds
  Import took 0.018492 seconds .

========================================================================
Received Import Request.
  Time since last request: 0.000284 seconds.
  path: Assets/Models and Animations/Basic Handpainted RPG Weapons/Icons/64/icon_mace_01_2_orange_64.tga
  artifactKey: Guid(aef98308cfca55b4c8ac42d989981ac0) Importer(815301076,1909f56bfc062723c751e8b465ee728b)
Start importing Assets/Models and Animations/Basic Handpainted RPG Weapons/Icons/64/icon_mace_01_2_orange_64.tga using Guid(aef98308cfca55b4c8ac42d989981ac0) Importer(815301076,1909f56bfc062723c751e8b465ee728b)  -> (artifact id: '5865a4fd012b061349551fef908726b0') in 0.014734 seconds
  Import took 0.016716 seconds .

========================================================================
Received Import Request.
  Time since last request: 0.000318 seconds.
  path: Assets/Models and Animations/Basic Handpainted RPG Weapons/Icons/64/icon_mace_01_3_64.tga
  artifactKey: Guid(f6445445a6663a44482a5707be19ffdc) Importer(815301076,1909f56bfc062723c751e8b465ee728b)
Start importing Assets/Models and Animations/Basic Handpainted RPG Weapons/Icons/64/icon_mace_01_3_64.tga using Guid(f6445445a6663a44482a5707be19ffdc) Importer(815301076,1909f56bfc062723c751e8b465ee728b)  -> (artifact id: '3b5648d45b7bc63bea24c1a116cd274e') in 0.011292 seconds
  Import took 0.013113 seconds .

========================================================================
Received Import Request.
  Time since last request: 0.000307 seconds.
  path: Assets/Models and Animations/Basic Handpainted RPG Weapons/Icons/64/icon_shield_01_4_orange_64.tga
  artifactKey: Guid(eb9e91f80384aa647a3c90ab3701c0b4) Importer(815301076,1909f56bfc062723c751e8b465ee728b)
Start importing Assets/Models and Animations/Basic Handpainted RPG Weapons/Icons/64/icon_shield_01_4_orange_64.tga using Guid(eb9e91f80384aa647a3c90ab3701c0b4) Importer(815301076,1909f56bfc062723c751e8b465ee728b)  -> (artifact id: '8c4da4e9d1215880b1fa9069de4990bb') in 0.012299 seconds
  Import took 0.014087 seconds .

========================================================================
Received Import Request.
  Time since last request: 0.000270 seconds.
  path: Assets/Models and Animations/Basic Handpainted RPG Weapons/Icons/64/icon_sword_01_3_64.tga
  artifactKey: Guid(60b39b3255a9ddd4d81c2970e50741f7) Importer(815301076,1909f56bfc062723c751e8b465ee728b)
Start importing Assets/Models and Animations/Basic Handpainted RPG Weapons/Icons/64/icon_sword_01_3_64.tga using Guid(60b39b3255a9ddd4d81c2970e50741f7) Importer(815301076,1909f56bfc062723c751e8b465ee728b)  -> (artifact id: '7247826706ec35969a816ce537dfc51c') in 0.011498 seconds
  Import took 0.013374 seconds .

========================================================================
Received Import Request.
  Time since last request: 0.000347 seconds.
  path: Assets/Models and Animations/Basic Handpainted RPG Weapons/Icons/64/icon_mace_01_3_orange_64.tga
  artifactKey: Guid(57e7f28a2d0f1984eb1ffaaf2ab99f47) Importer(815301076,1909f56bfc062723c751e8b465ee728b)
Start importing Assets/Models and Animations/Basic Handpainted RPG Weapons/Icons/64/icon_mace_01_3_orange_64.tga using Guid(57e7f28a2d0f1984eb1ffaaf2ab99f47) Importer(815301076,1909f56bfc062723c751e8b465ee728b)  -> (artifact id: '2005573959cac9c4a3bd1c7d91a7598a') in 0.012333 seconds
  Import took 0.014337 seconds .

========================================================================
Received Import Request.
  Time since last request: 0.000303 seconds.
  path: Assets/Models and Animations/Basic Handpainted RPG Weapons/Icons/64/icon_sword_01_orange_64.tga
  artifactKey: Guid(7deedaf1e2119b64fb1240c93143d51c) Importer(815301076,1909f56bfc062723c751e8b465ee728b)
Start importing Assets/Models and Animations/Basic Handpainted RPG Weapons/Icons/64/icon_sword_01_orange_64.tga using Guid(7deedaf1e2119b64fb1240c93143d51c) Importer(815301076,1909f56bfc062723c751e8b465ee728b)  -> (artifact id: '49c80e287bf9e6e2ffecbef9ca59ddd1') in 0.011966 seconds
  Import took 0.013782 seconds .

========================================================================
Received Import Request.
  Time since last request: 74.888670 seconds.
  path: Assets/Models and Animations/MYFG-Weapon Pack Lite/Meshes/Shield03.FBX
  artifactKey: Guid(3833a1171ab309b45a1502414501893d) Importer(815301076,1909f56bfc062723c751e8b465ee728b)
Start importing Assets/Models and Animations/MYFG-Weapon Pack Lite/Meshes/Shield03.FBX using Guid(3833a1171ab309b45a1502414501893d) Importer(815301076,1909f56bfc062723c751e8b465ee728b)  -> (artifact id: '750b165568da8c87809b908e4ea1c0eb') in 0.047902 seconds
  Import took 0.050746 seconds .

========================================================================
Received Import Request.
  Time since last request: 0.000216 seconds.
  path: Assets/Models and Animations/MYFG-Weapon Pack Lite/Meshes/Shield05.FBX
  artifactKey: Guid(fee3b7cce5b44f04b8b44a93e94ea904) Importer(815301076,1909f56bfc062723c751e8b465ee728b)
Start importing Assets/Models and Animations/MYFG-Weapon Pack Lite/Meshes/Shield05.FBX using Guid(fee3b7cce5b44f04b8b44a93e94ea904) Importer(815301076,1909f56bfc062723c751e8b465ee728b)  -> (artifact id: '202c58a254368d9060613e5a015bb297') in 0.019752 seconds
  Import took 0.022249 seconds .

========================================================================
Received Import Request.
  Time since last request: 0.000298 seconds.
  path: Assets/Models and Animations/MYFG-Weapon Pack Lite/Meshes/Sword16.FBX
  artifactKey: Guid(cee23e56debbd124aa4b8c66ebe5dc1a) Importer(815301076,1909f56bfc062723c751e8b465ee728b)
Start importing Assets/Models and Animations/MYFG-Weapon Pack Lite/Meshes/Sword16.FBX using Guid(cee23e56debbd124aa4b8c66ebe5dc1a) Importer(815301076,1909f56bfc062723c751e8b465ee728b)  -> (artifact id: '7cff74ab507b33280af996349feb2089') in 0.019307 seconds
  Import took 0.021189 seconds .

========================================================================
Received Import Request.
  Time since last request: 0.000293 seconds.
  path: Assets/Models and Animations/MYFG-Weapon Pack Lite/Meshes/Sword01.FBX
  artifactKey: Guid(376e1bd5446167342a567a903d19b588) Importer(815301076,1909f56bfc062723c751e8b465ee728b)
Start importing Assets/Models and Animations/MYFG-Weapon Pack Lite/Meshes/Sword01.FBX using Guid(376e1bd5446167342a567a903d19b588) Importer(815301076,1909f56bfc062723c751e8b465ee728b)  -> (artifact id: 'fda0b8e89d0db52f8a8c113f45a2a355') in 0.016472 seconds
  Import took 0.018633 seconds .

========================================================================
Received Import Request.
  Time since last request: 0.000318 seconds.
  path: Assets/Models and Animations/MYFG-Weapon Pack Lite/Meshes/TH_Sword13.FBX
  artifactKey: Guid(3086667088ce9f144bf66559c1526d27) Importer(815301076,1909f56bfc062723c751e8b465ee728b)
Start importing Assets/Models and Animations/MYFG-Weapon Pack Lite/Meshes/TH_Sword13.FBX using Guid(3086667088ce9f144bf66559c1526d27) Importer(815301076,1909f56bfc062723c751e8b465ee728b)  -> (artifact id: 'ba62adfaf6c0cbb71a9bf208eed8da8a') in 0.015492 seconds
  Import took 0.017826 seconds .

========================================================================
Received Import Request.
  Time since last request: 0.000273 seconds.
  path: Assets/Models and Animations/MYFG-Weapon Pack Lite/Meshes/Sword14.FBX
  artifactKey: Guid(54174a0916bfd0645b0c97e66c849483) Importer(815301076,1909f56bfc062723c751e8b465ee728b)
Start importing Assets/Models and Animations/MYFG-Weapon Pack Lite/Meshes/Sword14.FBX using Guid(54174a0916bfd0645b0c97e66c849483) Importer(815301076,1909f56bfc062723c751e8b465ee728b)  -> (artifact id: 'e16b6fe523e175875e4682ef87aeae26') in 0.015603 seconds
  Import took 0.017721 seconds .

========================================================================
Received Import Request.
  Time since last request: 0.000521 seconds.
  path: Assets/Models and Animations/MYFG-Weapon Pack Lite/Meshes/Sword30.FBX
  artifactKey: Guid(cb942fab02d3d8a489a22a7912317dc7) Importer(815301076,1909f56bfc062723c751e8b465ee728b)
Start importing Assets/Models and Animations/MYFG-Weapon Pack Lite/Meshes/Sword30.FBX using Guid(cb942fab02d3d8a489a22a7912317dc7) Importer(815301076,1909f56bfc062723c751e8b465ee728b)  -> (artifact id: 'f65d79293bfbad4610539d4375bf840c') in 0.019495 seconds
  Import took 0.021560 seconds .

========================================================================
Received Import Request.
  Time since last request: 0.000305 seconds.
  path: Assets/Models and Animations/MYFG-Weapon Pack Lite/Meshes/TH_Sword08.FBX
  artifactKey: Guid(ea689b6cc865a684599495af7e439020) Importer(815301076,1909f56bfc062723c751e8b465ee728b)
Start importing Assets/Models and Animations/MYFG-Weapon Pack Lite/Meshes/TH_Sword08.FBX using Guid(ea689b6cc865a684599495af7e439020) Importer(815301076,1909f56bfc062723c751e8b465ee728b)  -> (artifact id: 'a495400fc0f2859ded573db0d56a5556') in 0.019081 seconds
  Import took 0.021705 seconds .

========================================================================
Received Import Request.
  Time since last request: 0.000291 seconds.
  path: Assets/Models and Animations/MYFG-Weapon Pack Lite/Meshes/Shield05.FBX
  artifactKey: Guid(fee3b7cce5b44f04b8b44a93e94ea904) Importer(815301076,1909f56bfc062723c751e8b465ee728b)
Start importing Assets/Models and Animations/MYFG-Weapon Pack Lite/Meshes/Shield05.FBX using Guid(fee3b7cce5b44f04b8b44a93e94ea904) Importer(815301076,1909f56bfc062723c751e8b465ee728b)  -> (artifact id: '202c58a254368d9060613e5a015bb297') in 0.011049 seconds
  Import took 0.013003 seconds .

========================================================================
Received Import Request.
  Time since last request: 0.000327 seconds.
  path: Assets/Models and Animations/MYFG-Weapon Pack Lite/Meshes/TH_Sword03.FBX
  artifactKey: Guid(16de15e683bfe8c458eebf930b027394) Importer(815301076,1909f56bfc062723c751e8b465ee728b)
Start importing Assets/Models and Animations/MYFG-Weapon Pack Lite/Meshes/TH_Sword03.FBX using Guid(16de15e683bfe8c458eebf930b027394) Importer(815301076,1909f56bfc062723c751e8b465ee728b)  -> (artifact id: 'f6458141fa2f437e070f299e2edbb295') in 0.018856 seconds
  Import took 0.020896 seconds .

========================================================================
Received Import Request.
  Time since last request: 0.000338 seconds.
  path: Assets/Models and Animations/MYFG-Weapon Pack Lite/Meshes/Shield06.FBX
  artifactKey: Guid(554ae1c8d1293dd48bba375e25df54be) Importer(815301076,1909f56bfc062723c751e8b465ee728b)
Start importing Assets/Models and Animations/MYFG-Weapon Pack Lite/Meshes/Shield06.FBX using Guid(554ae1c8d1293dd48bba375e25df54be) Importer(815301076,1909f56bfc062723c751e8b465ee728b)  -> (artifact id: 'ce623dd9a083a21884fa613da08bf3b6') in 0.015925 seconds
  Import took 0.018523 seconds .

========================================================================
Received Import Request.
  Time since last request: 0.000282 seconds.
  path: Assets/Models and Animations/MYFG-Weapon Pack Lite/Meshes/TH_Sword05.FBX
  artifactKey: Guid(8542650168563d1459a14a88e297ab9d) Importer(815301076,1909f56bfc062723c751e8b465ee728b)
Start importing Assets/Models and Animations/MYFG-Weapon Pack Lite/Meshes/TH_Sword05.FBX using Guid(8542650168563d1459a14a88e297ab9d) Importer(815301076,1909f56bfc062723c751e8b465ee728b)  -> (artifact id: '8643beec19af0454c67824d99edeb872') in 0.015097 seconds
  Import took 0.017274 seconds .

========================================================================
Received Import Request.
  Time since last request: 0.000275 seconds.
  path: Assets/Models and Animations/MYFG-Weapon Pack Lite/Meshes/Shield03.FBX
  artifactKey: Guid(3833a1171ab309b45a1502414501893d) Importer(815301076,1909f56bfc062723c751e8b465ee728b)
Start importing Assets/Models and Animations/MYFG-Weapon Pack Lite/Meshes/Shield03.FBX using Guid(3833a1171ab309b45a1502414501893d) Importer(815301076,1909f56bfc062723c751e8b465ee728b)  -> (artifact id: '750b165568da8c87809b908e4ea1c0eb') in 0.014565 seconds
  Import took 0.016633 seconds .

========================================================================
Received Import Request.
  Time since last request: 0.000356 seconds.
  path: Assets/Models and Animations/MYFG-Weapon Pack Lite/Meshes/Shield09.FBX
  artifactKey: Guid(84a993081fee65b44aad480a9789afde) Importer(815301076,1909f56bfc062723c751e8b465ee728b)
Start importing Assets/Models and Animations/MYFG-Weapon Pack Lite/Meshes/Shield09.FBX using Guid(84a993081fee65b44aad480a9789afde) Importer(815301076,1909f56bfc062723c751e8b465ee728b)  -> (artifact id: 'f3113df2f743052e4df15449208e418b') in 0.018052 seconds
  Import took 0.020059 seconds .

========================================================================
Received Import Request.
  Time since last request: 0.013079 seconds.
  path: Assets/Models and Animations/MYFG-Weapon Pack Lite/Meshes/Shield06.FBX
  artifactKey: Guid(554ae1c8d1293dd48bba375e25df54be) Importer(815301076,1909f56bfc062723c751e8b465ee728b)
Start importing Assets/Models and Animations/MYFG-Weapon Pack Lite/Meshes/Shield06.FBX using Guid(554ae1c8d1293dd48bba375e25df54be) Importer(815301076,1909f56bfc062723c751e8b465ee728b)  -> (artifact id: 'ce623dd9a083a21884fa613da08bf3b6') in 0.014993 seconds
  Import took 0.018006 seconds .

========================================================================
Received Import Request.
  Time since last request: 4.962089 seconds.
  path: Assets/Models and Animations/Basic Handpainted RPG Weapons/Meshes/shield_01.fbx
  artifactKey: Guid(9d0ca5beb03f0a3429b9ab5736808ea3) Importer(815301076,1909f56bfc062723c751e8b465ee728b)
Start importing Assets/Models and Animations/Basic Handpainted RPG Weapons/Meshes/shield_01.fbx using Guid(9d0ca5beb03f0a3429b9ab5736808ea3) Importer(815301076,1909f56bfc062723c751e8b465ee728b)  -> (artifact id: '3c8f5f8d04bf73bf0fc8618e0d37bfc2') in 0.022460 seconds
  Import took 0.024805 seconds .

========================================================================
Received Import Request.
  Time since last request: 0.000307 seconds.
  path: Assets/Models and Animations/Elven_Sword/Meshes/Elven_Sword_01.obj
  artifactKey: Guid(9949e7e2b3aef594c9b6839202d497dc) Importer(815301076,1909f56bfc062723c751e8b465ee728b)
Start importing Assets/Models and Animations/Elven_Sword/Meshes/Elven_Sword_01.obj using Guid(9949e7e2b3aef594c9b6839202d497dc) Importer(815301076,1909f56bfc062723c751e8b465ee728b)  -> (artifact id: '4c3c2e7592d346185cd7cd9285a96687') in 0.119150 seconds
  Import took 0.121119 seconds .

========================================================================
Received Import Request.
  Time since last request: 0.000275 seconds.
  path: Assets/Models and Animations/Basic Handpainted RPG Weapons/Meshes/mace_01.fbx
  artifactKey: Guid(8fe29282299d9cf4ea320cfc23358793) Importer(815301076,1909f56bfc062723c751e8b465ee728b)
Start importing Assets/Models and Animations/Basic Handpainted RPG Weapons/Meshes/mace_01.fbx using Guid(8fe29282299d9cf4ea320cfc23358793) Importer(815301076,1909f56bfc062723c751e8b465ee728b)  -> (artifact id: 'e40096e4bea6f6f65720cf86e9790174') in 0.017883 seconds
  Import took 0.019792 seconds .

========================================================================
Received Import Request.
  Time since last request: 0.000329 seconds.
  path: Assets/Models and Animations/Basic Handpainted RPG Weapons/Meshes/shield_01.fbx
  artifactKey: Guid(9d0ca5beb03f0a3429b9ab5736808ea3) Importer(815301076,1909f56bfc062723c751e8b465ee728b)
Start importing Assets/Models and Animations/Basic Handpainted RPG Weapons/Meshes/shield_01.fbx using Guid(9d0ca5beb03f0a3429b9ab5736808ea3) Importer(815301076,1909f56bfc062723c751e8b465ee728b)  -> (artifact id: '3c8f5f8d04bf73bf0fc8618e0d37bfc2') in 0.016468 seconds
  Import took 0.018283 seconds .

========================================================================
Received Import Request.
  Time since last request: 0.526160 seconds.
  path: Assets/Models and Animations/MYFG-Weapon Pack Lite/Meshes/Bow05.FBX
  artifactKey: Guid(06ad3213c75f4764a8710876de5f8beb) Importer(815301076,1909f56bfc062723c751e8b465ee728b)
Start importing Assets/Models and Animations/MYFG-Weapon Pack Lite/Meshes/Bow05.FBX using Guid(06ad3213c75f4764a8710876de5f8beb) Importer(815301076,1909f56bfc062723c751e8b465ee728b)  -> (artifact id: '89322dbb919f708322dc246d559a9dde') in 0.017702 seconds
  Import took 0.020231 seconds .

========================================================================
Received Import Request.
  Time since last request: 0.000305 seconds.
  path: Assets/Models and Animations/MYFG-Weapon Pack Lite/Meshes/Bow10.FBX
  artifactKey: Guid(c6dbe409c898a534587d31ec4a904a1d) Importer(815301076,1909f56bfc062723c751e8b465ee728b)
Start importing Assets/Models and Animations/MYFG-Weapon Pack Lite/Meshes/Bow10.FBX using Guid(c6dbe409c898a534587d31ec4a904a1d) Importer(815301076,1909f56bfc062723c751e8b465ee728b)  -> (artifact id: 'e0c9bccc77350903eb5acb29de87b82f') in 0.019509 seconds
  Import took 0.021678 seconds .

========================================================================
Received Import Request.
  Time since last request: 1.830384 seconds.
  path: Assets/Models and Animations/Basic Handpainted RPG Weapons/Meshes/sword_01.fbx
  artifactKey: Guid(ef910fb6b54738b48a58b609808df841) Importer(815301076,1909f56bfc062723c751e8b465ee728b)
Start importing Assets/Models and Animations/Basic Handpainted RPG Weapons/Meshes/sword_01.fbx using Guid(ef910fb6b54738b48a58b609808df841) Importer(815301076,1909f56bfc062723c751e8b465ee728b)  -> (artifact id: '7c5fd55ea8e484c4d303d12b4bfa02f1') in 0.018664 seconds
  Import took 0.021572 seconds .

========================================================================
Received Import Request.
  Time since last request: 0.000449 seconds.
  path: Assets/Models and Animations/MYFG-Weapon Pack Lite/Meshes/Bow03_a.FBX
  artifactKey: Guid(c6ec2e127e6472145951283b3278e2f9) Importer(815301076,1909f56bfc062723c751e8b465ee728b)
Start importing Assets/Models and Animations/MYFG-Weapon Pack Lite/Meshes/Bow03_a.FBX using Guid(c6ec2e127e6472145951283b3278e2f9) Importer(815301076,1909f56bfc062723c751e8b465ee728b)  -> (artifact id: 'b0502beb324fa2d72ed5a4139baf1e28') in 0.016001 seconds
  Import took 0.018307 seconds .

========================================================================
Received Import Request.
  Time since last request: 0.000318 seconds.
  path: Assets/Models and Animations/Basic Handpainted RPG Weapons/Meshes/sword_01.fbx
  artifactKey: Guid(ef910fb6b54738b48a58b609808df841) Importer(815301076,1909f56bfc062723c751e8b465ee728b)
Start importing Assets/Models and Animations/Basic Handpainted RPG Weapons/Meshes/sword_01.fbx using Guid(ef910fb6b54738b48a58b609808df841) Importer(815301076,1909f56bfc062723c751e8b465ee728b)  -> (artifact id: '7c5fd55ea8e484c4d303d12b4bfa02f1') in 0.012821 seconds
  Import took 0.014860 seconds .

========================================================================
Received Import Request.
  Time since last request: 0.000305 seconds.
  path: Assets/Models and Animations/MYFG-Weapon Pack Lite/Meshes/Bow02.FBX
  artifactKey: Guid(9ade0e3f4d169be49a1b0f7b7109d898) Importer(815301076,1909f56bfc062723c751e8b465ee728b)
Start importing Assets/Models and Animations/MYFG-Weapon Pack Lite/Meshes/Bow02.FBX using Guid(9ade0e3f4d169be49a1b0f7b7109d898) Importer(815301076,1909f56bfc062723c751e8b465ee728b)  -> (artifact id: 'c1f58c0ae85a028e1b1718409969ebee') in 0.021749 seconds
  Import took 0.023874 seconds .

========================================================================
Received Import Request.
  Time since last request: 0.078830 seconds.
  path: Assets/Models and Animations/MYFG-Weapon Pack Lite/Meshes/Bow02.FBX
  artifactKey: Guid(9ade0e3f4d169be49a1b0f7b7109d898) Importer(815301076,1909f56bfc062723c751e8b465ee728b)
Start importing Assets/Models and Animations/MYFG-Weapon Pack Lite/Meshes/Bow02.FBX using Guid(9ade0e3f4d169be49a1b0f7b7109d898) Importer(815301076,1909f56bfc062723c751e8b465ee728b)  -> (artifact id: 'c1f58c0ae85a028e1b1718409969ebee') in 0.012350 seconds
  Import took 0.014733 seconds .

========================================================================
Received Import Request.
  Time since last request: 0.268129 seconds.
  path: Assets/Models and Animations/Basic Handpainted RPG Weapons/Meshes/axe_01.fbx
  artifactKey: Guid(9a4648e1b5b04a642a4c595450173058) Importer(815301076,1909f56bfc062723c751e8b465ee728b)
Start importing Assets/Models and Animations/Basic Handpainted RPG Weapons/Meshes/axe_01.fbx using Guid(9a4648e1b5b04a642a4c595450173058) Importer(815301076,1909f56bfc062723c751e8b465ee728b)  -> (artifact id: '961d242fd118cd8e5cc1424b5231d4af') in 0.017489 seconds
  Import took 0.019790 seconds .

========================================================================
Received Import Request.
  Time since last request: 0.000288 seconds.
  path: Assets/Models and Animations/MYFG-Weapon Pack Lite/Meshes/Axe09_a.FBX
  artifactKey: Guid(f21299ca33a55f5468a3ea7b785bdbe6) Importer(815301076,1909f56bfc062723c751e8b465ee728b)
Start importing Assets/Models and Animations/MYFG-Weapon Pack Lite/Meshes/Axe09_a.FBX using Guid(f21299ca33a55f5468a3ea7b785bdbe6) Importer(815301076,1909f56bfc062723c751e8b465ee728b)  -> (artifact id: '9c2b016f2fa4c71bdbce1c33555f595a') in 0.015866 seconds
  Import took 0.018178 seconds .

========================================================================
Received Import Request.
  Time since last request: 0.000254 seconds.
  path: Assets/Models and Animations/MYFG-Weapon Pack Lite/Meshes/Axe04.FBX
  artifactKey: Guid(626d53e1fb117634c9d0d66ec10b19db) Importer(815301076,1909f56bfc062723c751e8b465ee728b)
Start importing Assets/Models and Animations/MYFG-Weapon Pack Lite/Meshes/Axe04.FBX using Guid(626d53e1fb117634c9d0d66ec10b19db) Importer(815301076,1909f56bfc062723c751e8b465ee728b)  -> (artifact id: '96fb8e9554b48b225e11e37f2ba28111') in 0.017257 seconds
  Import took 0.019080 seconds .

========================================================================
Received Import Request.
  Time since last request: 0.000323 seconds.
  path: Assets/Models and Animations/MYFG-Weapon Pack Lite/Meshes/Axe07.FBX
  artifactKey: Guid(eef5123be98124944a235888fa1df21e) Importer(815301076,1909f56bfc062723c751e8b465ee728b)
Start importing Assets/Models and Animations/MYFG-Weapon Pack Lite/Meshes/Axe07.FBX using Guid(eef5123be98124944a235888fa1df21e) Importer(815301076,1909f56bfc062723c751e8b465ee728b)  -> (artifact id: '99b9ed94726702db36209052f05d7835') in 0.017903 seconds
  Import took 0.019877 seconds .

========================================================================
Received Import Request.
  Time since last request: 0.000282 seconds.
  path: Assets/Models and Animations/MYFG-Weapon Pack Lite/Meshes/Axe01.FBX
  artifactKey: Guid(7a5297bf8184f62448c44c2ca2a58887) Importer(815301076,1909f56bfc062723c751e8b465ee728b)
Start importing Assets/Models and Animations/MYFG-Weapon Pack Lite/Meshes/Axe01.FBX using Guid(7a5297bf8184f62448c44c2ca2a58887) Importer(815301076,1909f56bfc062723c751e8b465ee728b)  -> (artifact id: '224144c6c2ff5482c88ac7f475a8ac08') in 0.018021 seconds
  Import took 0.020074 seconds .

========================================================================
Received Import Request.
  Time since last request: 112.062145 seconds.
  path: Assets/Test Things/Test Items/Purple Chest Piece.asset
  artifactKey: Guid(4409a93c620d0704794ba5fd10eb207e) Importer(815301076,1909f56bfc062723c751e8b465ee728b)
Start importing Assets/Test Things/Test Items/Purple Chest Piece.asset using Guid(4409a93c620d0704794ba5fd10eb207e) Importer(815301076,1909f56bfc062723c751e8b465ee728b)  -> (artifact id: 'ff424f00c48c671d0ede5ba3c07c7695') in 0.007199 seconds
  Import took 0.009388 seconds .

========================================================================
Received Import Request.
  Time since last request: 0.003969 seconds.
  path: Assets/Test Things/Test Items/Purple Chest Piece.asset
  artifactKey: Guid(4409a93c620d0704794ba5fd10eb207e) Importer(815301076,1909f56bfc062723c751e8b465ee728b)
Start importing Assets/Test Things/Test Items/Purple Chest Piece.asset using Guid(4409a93c620d0704794ba5fd10eb207e) Importer(815301076,1909f56bfc062723c751e8b465ee728b)  -> (artifact id: 'ff424f00c48c671d0ede5ba3c07c7695') in 0.002691 seconds
  Import took 0.005120 seconds .

========================================================================
Received Import Request.
  Time since last request: 6.698138 seconds.
  path: Assets/Test Things/Test Items/Purple thing.asset
  artifactKey: Guid(08902963d3010bd43a1a79b553a03c2d) Importer(815301076,1909f56bfc062723c751e8b465ee728b)
Start importing Assets/Test Things/Test Items/Purple thing.asset using Guid(08902963d3010bd43a1a79b553a03c2d) Importer(815301076,1909f56bfc062723c751e8b465ee728b)  -> (artifact id: '8541fa5295b4a651adf4bb1344a40493') in 0.009742 seconds
  Import took 0.012183 seconds .

========================================================================
Received Import Request.
  Time since last request: 0.001051 seconds.
  path: Assets/Test Things/Test Items/Purple thing.asset
  artifactKey: Guid(08902963d3010bd43a1a79b553a03c2d) Importer(815301076,1909f56bfc062723c751e8b465ee728b)
Start importing Assets/Test Things/Test Items/Purple thing.asset using Guid(08902963d3010bd43a1a79b553a03c2d) Importer(815301076,1909f56bfc062723c751e8b465ee728b)  -> (artifact id: '8541fa5295b4a651adf4bb1344a40493') in 0.002249 seconds
  Import took 0.004494 seconds .

========================================================================
Received Import Request.
  Time since last request: 24.657367 seconds.
  path: Assets/Test Things/Test Items/Axe.asset
  artifactKey: Guid(05d9c331e73afa44cb211676bfd5be15) Importer(815301076,1909f56bfc062723c751e8b465ee728b)
Start importing Assets/Test Things/Test Items/Axe.asset using Guid(05d9c331e73afa44cb211676bfd5be15) Importer(815301076,1909f56bfc062723c751e8b465ee728b)  -> (artifact id: '5f28dae59428792072af4f7679999b48') in 0.002553 seconds
  Import took 0.004599 seconds .

